0 info it worked if it ends with ok
1 verbose cli [ 'node', '/Users/exkazuu/.nodebrew/current/bin/npm', 'test' ]
2 info using npm@1.1.65
3 info using node@v0.8.1
4 verbose node symlink /Users/exkazuu/.nodebrew/current/bin/node
5 verbose read json /Users/exkazuu/Projects/tscheme/package.json
6 error Failed to parse json
6 error Unexpected token ,
7 error File: /Users/exkazuu/Projects/tscheme/package.json
8 error Failed to parse package.json data.
8 error package.json must be actual JSON, not just JavaScript.
8 error
8 error This is not a bug in npm.
8 error Tell the package author to fix their package.json file. JSON.parse
9 error System Darwin 12.2.0
10 error command "node" "/Users/exkazuu/.nodebrew/current/bin/npm" "test"
11 error cwd /Users/exkazuu/Projects/tscheme
12 error node -v v0.8.1
13 error npm -v 1.1.65
14 error file /Users/exkazuu/Projects/tscheme/package.json
15 error code EJSONPARSE
16 verbose exit [ 1, true ]
